<?xml version="1.0" encoding="UTF-8"?>
<!-- Generated by org.testng.reporters.JUnitXMLReporter -->
<testsuite ignored="2" hostname="LAPTOP-P7INNGLR" failures="0" tests="1" name="Default test" time="46.419" errors="0" timestamp="2024-10-22T13:26:50 IST">
  <testcase classname="com.comcast.crm.contacttest.CreateContactTest" name="createContactTest" time="23.834"/>
  <testcase classname="com.comcast.crm.contacttest.CreateContactTest" name="CreateContactwithsupportdatetest" time="0.0">
    <ignored/>
  </testcase> <!-- CreateContactwithsupportdatetest -->
  <testcase classname="com.comcast.crm.contacttest.CreateContactTest" name="CreateContactwithorgtest" time="0.0">
    <ignored/>
  </testcase> <!-- CreateContactwithorgtest -->
</testsuite> <!-- Default test -->
