<?xml version="1.0" encoding="UTF-8"?>
<testng-results ignored="2" total="3" passed="1" failed="0" skipped="0">
  <reporter-output>
  </reporter-output>
  <suite started-at="2024-10-22T13:26:04 IST" name="Default suite" finished-at="2024-10-22T13:26:50 IST" duration-ms="46419">
    <groups>
      <group name="smokeTest">
        <method signature="CreateContactTest.createContactTest()[pri:0, instance:com.comcast.crm.contacttest.CreateContactTest@5e600dd5]" name="createContactTest" class="com.comcast.crm.contacttest.CreateContactTest"/>
      </group> <!-- smokeTest -->
    </groups>
    <test started-at="2024-10-22T13:26:04 IST" name="Default test" finished-at="2024-10-22T13:26:50 IST" duration-ms="46419">
      <class name="com.comcast.crm.contacttest.CreateContactTest">
        <test-method is-config="true" signature="configBS()[pri:0, instance:com.comcast.crm.contacttest.CreateContactTest@5e600dd5]" started-at="2024-10-22T13:26:03 IST" name="configBS" finished-at="2024-10-22T13:26:04 IST" duration-ms="253" status="PASS">
          <reporter-output>
          </reporter-output>
        </test-method> <!-- configBS -->
        <test-method is-config="true" signature="configBC()[pri:0, instance:com.comcast.crm.contacttest.CreateContactTest@5e600dd5]" started-at="2024-10-22T13:26:04 IST" name="configBC" finished-at="2024-10-22T13:26:09 IST" duration-ms="5176" status="PASS">
          <reporter-output>
          </reporter-output>
        </test-method> <!-- configBC -->
        <test-method is-config="true" signature="configBM()[pri:0, instance:com.comcast.crm.contacttest.CreateContactTest@5e600dd5]" started-at="2024-10-22T13:26:09 IST" name="configBM" finished-at="2024-10-22T13:26:21 IST" duration-ms="11985" status="PASS">
          <reporter-output>
          </reporter-output>
        </test-method> <!-- configBM -->
        <test-method signature="createContactTest()[pri:0, instance:com.comcast.crm.contacttest.CreateContactTest@5e600dd5]" started-at="2024-10-22T13:26:21 IST" name="createContactTest" finished-at="2024-10-22T13:26:45 IST" duration-ms="23834" status="PASS">
          <reporter-output>
          </reporter-output>
        </test-method> <!-- createContactTest -->
        <test-method is-config="true" signature="congigAM()[pri:0, instance:com.comcast.crm.contacttest.CreateContactTest@5e600dd5]" started-at="2024-10-22T13:26:45 IST" name="congigAM" finished-at="2024-10-22T13:26:49 IST" duration-ms="4268" status="PASS">
          <reporter-output>
          </reporter-output>
        </test-method> <!-- congigAM -->
        <test-method is-config="true" signature="configAC()[pri:0, instance:com.comcast.crm.contacttest.CreateContactTest@5e600dd5]" started-at="2024-10-22T13:26:49 IST" name="configAC" finished-at="2024-10-22T13:26:50 IST" duration-ms="1126" status="PASS">
          <reporter-output>
          </reporter-output>
        </test-method> <!-- configAC -->
        <test-method is-config="true" signature="configAS()[pri:0, instance:com.comcast.crm.contacttest.CreateContactTest@5e600dd5]" started-at="2024-10-22T13:26:50 IST" name="configAS" finished-at="2024-10-22T13:26:50 IST" duration-ms="14" status="PASS">
          <reporter-output>
          </reporter-output>
        </test-method> <!-- configAS -->
      </class> <!-- com.comcast.crm.contacttest.CreateContactTest -->
    </test> <!-- Default test -->
  </suite> <!-- Default suite -->
</testng-results>
