<?xml version="1.0" encoding="UTF-8"?>
<testng-results ignored="2" total="3" passed="1" failed="0" skipped="0">
  <reporter-output>
  </reporter-output>
  <suite started-at="2024-10-22T10:19:57 IST" name="Default suite" finished-at="2024-10-22T10:20:20 IST" duration-ms="22948">
    <groups>
      <group name="smokeTest">
        <method signature="CreateContactTest.createContactTest()[pri:0, instance:com.comcast.crm.contacttest.CreateContactTest@5e600dd5]" name="createContactTest" class="com.comcast.crm.contacttest.CreateContactTest"/>
      </group> <!-- smokeTest -->
    </groups>
    <test started-at="2024-10-22T10:19:57 IST" name="Default test" finished-at="2024-10-22T10:20:20 IST" duration-ms="22948">
      <class name="com.comcast.crm.contacttest.CreateContactTest">
        <test-method is-config="true" signature="configBS()[pri:0, instance:com.comcast.crm.contacttest.CreateContactTest@5e600dd5]" started-at="2024-10-22T10:19:57 IST" name="configBS" finished-at="2024-10-22T10:19:57 IST" duration-ms="215" status="PASS">
          <reporter-output>
          </reporter-output>
        </test-method> <!-- configBS -->
        <test-method is-config="true" signature="configBC()[pri:0, instance:com.comcast.crm.contacttest.CreateContactTest@5e600dd5]" started-at="2024-10-22T10:19:57 IST" name="configBC" finished-at="2024-10-22T10:20:02 IST" duration-ms="4512" status="PASS">
          <reporter-output>
          </reporter-output>
        </test-method> <!-- configBC -->
        <test-method is-config="true" signature="configBM()[pri:0, instance:com.comcast.crm.contacttest.CreateContactTest@5e600dd5]" started-at="2024-10-22T10:20:02 IST" name="configBM" finished-at="2024-10-22T10:20:05 IST" duration-ms="3170" status="PASS">
          <reporter-output>
          </reporter-output>
        </test-method> <!-- configBM -->
        <test-method signature="createContactTest()[pri:0, instance:com.comcast.crm.contacttest.CreateContactTest@5e600dd5]" started-at="2024-10-22T10:20:05 IST" name="createContactTest" finished-at="2024-10-22T10:20:15 IST" duration-ms="9968" status="PASS">
          <reporter-output>
          </reporter-output>
        </test-method> <!-- createContactTest -->
        <test-method is-config="true" signature="congigAM()[pri:0, instance:com.comcast.crm.contacttest.CreateContactTest@5e600dd5]" started-at="2024-10-22T10:20:15 IST" name="congigAM" finished-at="2024-10-22T10:20:19 IST" duration-ms="4274" status="PASS">
          <reporter-output>
          </reporter-output>
        </test-method> <!-- congigAM -->
        <test-method is-config="true" signature="configAC()[pri:0, instance:com.comcast.crm.contacttest.CreateContactTest@5e600dd5]" started-at="2024-10-22T10:20:19 IST" name="configAC" finished-at="2024-10-22T10:20:20 IST" duration-ms="986" status="PASS">
          <reporter-output>
          </reporter-output>
        </test-method> <!-- configAC -->
        <test-method is-config="true" signature="configAS()[pri:0, instance:com.comcast.crm.contacttest.CreateContactTest@5e600dd5]" started-at="2024-10-22T10:20:20 IST" name="configAS" finished-at="2024-10-22T10:20:20 IST" duration-ms="19" status="PASS">
          <reporter-output>
          </reporter-output>
        </test-method> <!-- configAS -->
      </class> <!-- com.comcast.crm.contacttest.CreateContactTest -->
    </test> <!-- Default test -->
  </suite> <!-- Default suite -->
</testng-results>
